<?xml version="1.0" encoding="UTF-8"?>
<!-- Generated by org.testng.reporters.JUnitXMLReporter -->
<testsuite ignored="1" hostname="NT-IT-LT-2143" failures="0" tests="1" name="Default test" time="2.874" errors="0" timestamp="2022-09-07T21:09:14 IST">
  <testcase classname="FunctionalTesting.getRequestAutomation" name="postRequest" time="2.187"/>
  <testcase classname="FunctionalTesting.getRequestAutomation" name="getRequest" time="0.0">
    <ignored/>
  </testcase> <!-- getRequest -->
</testsuite> <!-- Default test -->
