<?xml version="1.0" encoding="UTF-8"?>
<testng-results ignored="1" total="2" passed="1" failed="0" skipped="0">
  <reporter-output>
  </reporter-output>
  <suite started-at="2022-09-07T21:09:12 IST" name="Default suite" finished-at="2022-09-07T21:09:14 IST" duration-ms="2874">
    <groups>
    </groups>
    <test started-at="2022-09-07T21:09:12 IST" name="Default test" finished-at="2022-09-07T21:09:14 IST" duration-ms="2874">
      <class name="FunctionalTesting.getRequestAutomation">
        <test-method is-config="true" signature="setUp()[pri:0, instance:FunctionalTesting.getRequestAutomation@5ab956d7]" started-at="2022-09-07T21:09:12 IST" name="setUp" finished-at="2022-09-07T21:09:12 IST" duration-ms="603" status="PASS">
          <reporter-output>
          </reporter-output>
        </test-method> <!-- setUp -->
        <test-method signature="postRequest()[pri:0, instance:FunctionalTesting.getRequestAutomation@5ab956d7]" started-at="2022-09-07T21:09:12 IST" name="postRequest" finished-at="2022-09-07T21:09:14 IST" duration-ms="2187" status="PASS">
          <reporter-output>
          </reporter-output>
        </test-method> <!-- postRequest -->
      </class> <!-- FunctionalTesting.getRequestAutomation -->
    </test> <!-- Default test -->
  </suite> <!-- Default suite -->
</testng-results>
